#
# A fatal error has been detected by the Java Runtime Environment:
#
#  EXCEPTION_ACCESS_VIOLATION (0xc0000005) at pc=0x0000000078a77453, pid=7548, tid=5600
#
# JRE version: 6.0_17-b04
# Java VM: Java HotSpot(TM) 64-Bit Server VM (14.3-b01 mixed mode windows-amd64 )
# Problematic frame:
# V  [jvm.dll+0x207453]
#
# If you would like to submit a bug report, please visit:
#   http://java.sun.com/webapps/bugreport/crash.jsp
#

---------------  T H R E A D  ---------------

Current thread (0x0000000062735000):  JavaThread "Main message loop" daemon [_thread_in_vm, id=5600, stack(0x000000016fb20000,0x0000000173b20000)]

siginfo: ExceptionCode=0xc0000005, reading address 0x000000004437c7f8

Registers:
EAX=0x0000000000000000, EBX=0x0000000062735000, ECX=0x0000000000000500, EDX=0x000000004437c7f8
ESP=0x0000000173b0ae20, EBP=0x0000000080040104, ESI=0x00000000627351b8, EDI=0x000000004437c7f8
EIP=0x0000000078a77453, EFLAGS=0x0000000000010246

Top of Stack: (sp=0x0000000173b0ae20)
0x0000000173b0ae20:   0000000173b0b560 0000000023b310b2
0x0000000173b0ae30:   0000000000000000 0000000078a88418
0x0000000173b0ae40:   0000000062735000 0000000000000000
0x0000000173b0ae50:   000000003967be18 00000000f4578de8
0x0000000173b0ae60:   0000000062735000 0000000063bd140d
0x0000000173b0ae70:   000000004437c7f8 0000000080040104
0x0000000173b0ae80:   0000000000000000 0000000173b0ae70
0x0000000173b0ae90:   0000000024340350 0000000062735000
0x0000000173b0aea0:   00000000627351b8 0000000000000000
0x0000000173b0aeb0:   0000000000000000 0000000062735000
0x0000000173b0aec0:   00000000f4578df0 000000002a3276c0
0x0000000173b0aed0:   0000000078a65cf0 0000000078bff2f2
0x0000000173b0aee0:   0000000173b0b560 0000000173b0af01
0x0000000173b0aef0:   0000000173b0b2b0 00000000238287e0
0x0000000173b0af00:   00000000f4578de8 0000000078a66215
0x0000000173b0af10:   0000000024340b74 0000000024340350 

Instructions: (pc=0x0000000078a77453)
0x0000000078a77443:   8d 4c 24 20 e8 84 5a 1b 00 80 3d 45 4e 3d 00 00
0x0000000078a77453:   48 8b 07 74 10 8b 48 08 48 8b 05 76 0a 3f 00 48 


Stack: [0x000000016fb20000,0x0000000173b20000],  sp=0x0000000173b0ae20,  free space=65451k
Native frames: (J=compiled Java code, j=interpreted, Vv=VM code, C=native code)
V  [jvm.dll+0x207453]

Java frames: (J=compiled Java code, j=interpreted, Vv=VM code)
j  com.jniwrapper.Function.invokeVirtualFunc(JIB[BII[II)I+0
J  com.jniwrapper.FunctionCall.a(ZJJJIBLcom/jniwrapper/Parameter;[Lcom/jniwrapper/Parameter;)J
j  com.jniwrapper.FunctionCall.callVirtual(JIBLcom/jniwrapper/Parameter;[Lcom/jniwrapper/Parameter;)J+11
j  com.jniwrapper.win32.com.impl.IUnknownImpl.invokeVirtualMethod(IBLcom/jniwrapper/Parameter;[Lcom/jniwrapper/Parameter;)V+98
j  com.jniwrapper.win32.com.impl.IUnknownImpl.invokeStandardVirtualMethod(IB[Lcom/jniwrapper/Parameter;Z)Lcom/jniwrapper/win32/HResult;+8
j  com.jniwrapper.win32.com.impl.IUnknownImpl.invokeStandardVirtualMethod(IB[Lcom/jniwrapper/Parameter;)Lcom/jniwrapper/win32/HResult;+5
j  com.jniwrapper.win32.shdocvw.impl.IWebBrowser2Impl.navigate2(Lcom/jniwrapper/win32/automation/types/Variant;Lcom/jniwrapper/win32/automation/types/Variant;Lcom/jniwrapper/win32/automation/types/Variant;Lcom/jniwrapper/win32/automation/types/Variant;Lcom/jniwrapper/win32/automation/types/Variant;)V+117
j  com.jniwrapper.win32.ie.bh.execute(Lcom/jniwrapper/win32/shdocvw/IWebBrowser2;)V+41
j  com.jniwrapper.win32.ie.p.run()V+11
j  com.jniwrapper.win32.MessageLoopThread$ThreadSynchronizedAction.run()V+4
j  com.jniwrapper.win32.MessageLoopThread$LoopThread.run()V+415
v  ~StubRoutines::call_stub

---------------  P R O C E S S  ---------------

Java Threads: ( => current thread )
=>0x0000000062735000 JavaThread "Main message loop" daemon [_thread_in_vm, id=5600, stack(0x000000016fb20000,0x0000000173b20000)]
  0x00000000f484a800 JavaThread "Browser Thread" daemon [_thread_blocked, id=1672, stack(0x000000013b0a0000,0x000000013f0a0000)]
  0x00000000f484d800 JavaThread "Browser Events Thread" daemon [_thread_blocked, id=7236, stack(0x0000000173b20000,0x0000000177b20000)]
  0x0000000062730800 JavaThread "Main message loop" daemon [_thread_in_native, id=6296, stack(0x0000000157b20000,0x000000015bb20000)]
  0x00000000f484f800 JavaThread "Code Analyzer updating thread" [_thread_blocked, id=4136, stack(0x0000000140030000,0x0000000144030000)]
  0x000000006272c800 JavaThread "Code Analyzer updating thread" [_thread_blocked, id=6596, stack(0x0000000151fd0000,0x0000000155fd0000)]
  0x0000000062735800 JavaThread "pool-7-thread-1" [_thread_blocked, id=2164, stack(0x0000000100fd0000,0x0000000104fd0000)]
  0x00000000f4850800 JavaThread "Foxtrot Multi Worker Thread Runner #1" daemon [_thread_blocked, id=3968, stack(0x00000001230a0000,0x00000001270a0000)]
  0x00000000f4851000 JavaThread "pool-1-thread-1" [_thread_blocked, id=8084, stack(0x00000000a0000000,0x00000000a4000000)]
  0x00000000f484e800 JavaThread "Browser Events Thread" daemon [_thread_blocked, id=1468, stack(0x00000001370a0000,0x000000013b0a0000)]
  0x00000000f484d000 JavaThread "Main message loop" daemon [_thread_in_native, id=7684, stack(0x000000010cfd0000,0x0000000110fd0000)]
  0x00000000f484f000 JavaThread "Prefs Updater" daemon [_thread_blocked, id=7644, stack(0x00000000c8000000,0x00000000cc000000)]
  0x0000000062734000 JavaThread "Swing-Shell" daemon [_thread_blocked, id=1044, stack(0x00000000c4000000,0x00000000c8000000)]
  0x00000000f484a000 JavaThread "Timer-2" daemon [_thread_blocked, id=6608, stack(0x0000000110fd0000,0x0000000114fd0000)]
  0x00000000f484b800 JavaThread "com.jniwrapper.NativeResourceCollector" daemon [_thread_blocked, id=5368, stack(0x0000000108fd0000,0x000000010cfd0000)]
  0x0000000062732000 JavaThread "Code Analyzer updating thread" [_thread_blocked, id=6176, stack(0x00000000fcfd0000,0x0000000100fd0000)]
  0x0000000062731800 JavaThread "Code Analyzer updating thread" [_thread_blocked, id=7080, stack(0x00000000f8fd0000,0x00000000fcfd0000)]
  0x0000000062730000 JavaThread "Code Analyzer updating thread" [_thread_blocked, id=7368, stack(0x00000000f0000000,0x00000000f4000000)]
  0x000000006272f000 JavaThread "Active Reference Queue Daemon" daemon [_thread_blocked, id=4116, stack(0x00000000ec000000,0x00000000f0000000)]
  0x000000006272e800 JavaThread "Timer-1" daemon [_thread_blocked, id=2788, stack(0x00000000e8000000,0x00000000ec000000)]
  0x000000006272d800 JavaThread "ClipboardMonitor Timer" daemon [_thread_blocked, id=4456, stack(0x00000000e4000000,0x00000000e8000000)]
  0x000000006272d000 JavaThread "Explorer NavigationContext request queue" daemon [_thread_blocked, id=4968, stack(0x00000000e0000000,0x00000000e4000000)]
  0x000000006272b800 JavaThread "AddressBar directory emptiness poller" daemon [_thread_blocked, id=4132, stack(0x00000000d8000000,0x00000000dc000000)]
  0x000000006272b000 JavaThread "Explorer Refresh Service 1768824013" daemon [_thread_blocked, id=7296, stack(0x00000000d4000000,0x00000000d8000000)]
  0x000000006272a000 JavaThread "Thread-4" daemon [_thread_blocked, id=7024, stack(0x00000000cc000000,0x00000000d0000000)]
  0x0000000062729800 JavaThread "TimerQueue" daemon [_thread_blocked, id=3160, stack(0x00000000c0000000,0x00000000c4000000)]
  0x0000000062726800 JavaThread "Thread-3" daemon [_thread_blocked, id=1472, stack(0x00000000b0000000,0x00000000b4000000)]
  0x0000000062728800 JavaThread "FelixPackageAdmin" daemon [_thread_blocked, id=5796, stack(0x00000000bc000000,0x00000000c0000000)]
  0x0000000062728000 JavaThread "FelixStartLevel" daemon [_thread_blocked, id=3552, stack(0x00000000b8000000,0x00000000bc000000)]
  0x0000000062727000 JavaThread "FelixDispatchQueue" daemon [_thread_blocked, id=7444, stack(0x00000000b4000000,0x00000000b8000000)]
  0x000000006276d800 JavaThread "AWT-EventQueue-0" [_thread_blocked, id=768, stack(0x00000000ac000000,0x00000000b0000000)]
  0x0000000062352000 JavaThread "com.google.common.base.internal.Finalizer" daemon [_thread_blocked, id=3288, stack(0x000000009c000000,0x00000000a0000000)]
  0x000000006239b800 JavaThread "AWT-Windows" daemon [_thread_in_native, id=4828, stack(0x0000000094000000,0x0000000098000000)]
  0x000000006239b000 JavaThread "AWT-Shutdown" [_thread_blocked, id=5112, stack(0x0000000090000000,0x0000000094000000)]
  0x000000006239a000 JavaThread "Java2D Disposer" daemon [_thread_blocked, id=5388, stack(0x000000008c000000,0x0000000090000000)]
  0x0000000061eec000 JavaThread "Timer-0" [_thread_blocked, id=4780, stack(0x0000000088000000,0x000000008c000000)]
  0x0000000061d95000 JavaThread "EventMgr Dispatcher" daemon [_thread_in_native, id=6712, stack(0x0000000084000000,0x0000000088000000)]
  0x000000004ad08800 JavaThread "Low Memory Detector" daemon [_thread_blocked, id=7204, stack(0x000000006dc60000,0x0000000071c60000)]
  0x000000004ad00800 JavaThread "CompilerThread1" daemon [_thread_blocked, id=7892, stack(0x0000000067b60000,0x000000006bb60000)]
  0x000000004acb7000 JavaThread "CompilerThread0" daemon [_thread_blocked, id=5072, stack(0x000000005dab0000,0x0000000061ab0000)]
  0x000000004acb6000 JavaThread "Attach Listener" daemon [_thread_blocked, id=6960, stack(0x0000000056df0000,0x000000005adf0000)]
  0x000000004ac97800 JavaThread "Finalizer" daemon [_thread_blocked, id=5860, stack(0x0000000052df0000,0x0000000056df0000)]
  0x000000004ac96800 JavaThread "Reference Handler" daemon [_thread_blocked, id=7720, stack(0x000000004edf0000,0x0000000052df0000)]
  0x00000000065af000 JavaThread "main" [_thread_in_native, id=5896, stack(0x0000000000030000,0x0000000004030000)]

Other Threads:
  0x000000004ac91800 VMThread [stack: 0x000000004adf0000,0x000000004edf0000] [id=1292]
  0x000000004ad43000 WatcherThread [stack: 0x0000000080000000,0x0000000084000000] [id=7692]

VM state:not at safepoint (normal execution)

VM Mutex/Monitor currently owned by a thread: None

Heap
 PSYoungGen      total 45184K, used 32353K [0x0000000037af0000, 0x000000003abf0000, 0x000000003abf0000)
  eden space 40576K, 70% used [0x0000000037af0000,0x00000000396ba500,0x000000003a290000)
  from space 4608K, 84% used [0x000000003a770000,0x000000003ab3e200,0x000000003abf0000)
  to   space 4800K, 0% used [0x000000003a290000,0x000000003a290000,0x000000003a740000)
 PSOldGen        total 144064K, used 138634K [0x000000002e7f0000, 0x00000000374a0000, 0x0000000037af0000)
  object space 144064K, 96% used [0x000000002e7f0000,0x0000000036f52ad8,0x00000000374a0000)
 PSPermGen       total 119936K, used 83399K [0x00000000267f0000, 0x000000002dd10000, 0x000000002e7f0000)
  object space 119936K, 69% used [0x00000000267f0000,0x000000002b961fa8,0x000000002dd10000)

Dynamic libraries:
0x0000000140000000 - 0x0000000140028000 	C:\Program Files\MATLAB\R2013a\bin\win64\MATLAB.exe
0x0000000077780000 - 0x0000000077929000 	C:\Windows\SYSTEM32\ntdll.dll
0x0000000077660000 - 0x000000007777f000 	C:\Windows\system32\kernel32.dll
0x000007fefdcb0000 - 0x000007fefdd1c000 	C:\Windows\system32\KERNELBASE.dll
0x0000000074460000 - 0x0000000074515000 	C:\Program Files\MATLAB\R2013a\bin\win64\libut.dll
0x00000000758a0000 - 0x000000007595f000 	C:\Program Files\MATLAB\R2013a\bin\win64\libmwi18n.dll
0x0000000180000000 - 0x000000018000d000 	C:\Program Files\MATLAB\R2013a\bin\win64\libmwresource_core.dll
0x00000000659d0000 - 0x0000000065a68000 	C:\Program Files\MATLAB\R2013a\bin\win64\MSVCP100.dll
0x0000000065b50000 - 0x0000000065c22000 	C:\Program Files\MATLAB\R2013a\bin\win64\MSVCR100.dll
0x00000000725d0000 - 0x00000000725de000 	C:\Program Files\MATLAB\R2013a\bin\win64\boost_date_time-vc100-mt-1_49.dll
0x0000000067850000 - 0x000000006787c000 	C:\Program Files\MATLAB\R2013a\bin\win64\boost_filesystem-vc100-mt-1_49.dll
0x0000000072890000 - 0x0000000072899000 	C:\Program Files\MATLAB\R2013a\bin\win64\boost_system-vc100-mt-1_49.dll
0x000007fefe780000 - 0x000007fefe85b000 	C:\Windows\system32\ADVAPI32.dll
0x000007feff990000 - 0x000007feffa2f000 	C:\Windows\system32\msvcrt.dll
0x000007fefe990000 - 0x000007fefe9af000 	C:\Windows\SYSTEM32\sechost.dll
0x000007fefe0d0000 - 0x000007fefe1fd000 	C:\Windows\system32\RPCRT4.dll
0x0000000067b30000 - 0x0000000067b55000 	C:\Program Files\MATLAB\R2013a\bin\win64\LIBEXPAT.dll
0x00000000645a0000 - 0x000000006472a000 	C:\Program Files\MATLAB\R2013a\bin\win64\icuin49.dll
0x0000000064780000 - 0x00000000648be000 	C:\Program Files\MATLAB\R2013a\bin\win64\icuuc49.dll
0x000000005c980000 - 0x000000005daa2000 	C:\Program Files\MATLAB\R2013a\bin\win64\icudt49.dll
0x000000006dc50000 - 0x000000006dc60000 	C:\Program Files\MATLAB\R2013a\bin\win64\icuio49.dll
0x0000000073f70000 - 0x0000000074112000 	C:\Program Files\MATLAB\R2013a\bin\win64\libmwfl.dll
0x000000007a350000 - 0x000000007a737000 	C:\Program Files\MATLAB\R2013a\bin\win64\libmwMATLAB_res.dll
0x00000000658f0000 - 0x00000000659cf000 	C:\Program Files\MATLAB\R2013a\bin\win64\boost_regex-vc100-mt-1_49.dll
0x00000000770a0000 - 0x000000007719a000 	C:\Windows\system32\USER32.dll
0x000007fefe500000 - 0x000007fefe567000 	C:\Windows\system32\GDI32.dll
0x000007fefea90000 - 0x000007fefea9e000 	C:\Windows\system32\LPK.dll
0x000007fefe200000 - 0x000007fefe2c9000 	C:\Windows\system32\USP10.dll
0x0000000067830000 - 0x0000000067841000 	C:\Program Files\MATLAB\R2013a\bin\win64\boost_signals-vc100-mt-1_49.dll
0x0000000067730000 - 0x0000000067741000 	C:\Program Files\MATLAB\R2013a\bin\win64\boost_thread-vc100-mt-1_49.dll
0x000007fef6840000 - 0x000007fef68cc000 	C:\Program Files\MATLAB\R2013a\bin\win64\boost_log-vc100-mt-1_49.dll
0x0000000077940000 - 0x0000000077947000 	C:\Windows\system32\PSAPI.DLL
0x000007fefe2d0000 - 0x000007fefe31d000 	C:\Windows\system32\WS2_32.dll
0x000007feff950000 - 0x000007feff958000 	C:\Windows\system32\NSI.dll
0x000007fefa6f0000 - 0x000007fefa723000 	C:\Program Files\MATLAB\R2013a\bin\win64\tbb.dll
0x000007fefe970000 - 0x000007fefe989000 	C:\Windows\system32\imagehlp.dll
0x000007fefcdc0000 - 0x000007fefcdec000 	C:\Windows\system32\POWRPROF.dll
0x000007fefe320000 - 0x000007fefe4f7000 	C:\Windows\system32\SETUPAPI.dll
0x000007fefde90000 - 0x000007fefdec6000 	C:\Windows\system32\CFGMGR32.dll
0x000007fefe9b0000 - 0x000007fefea87000 	C:\Windows\system32\OLEAUT32.dll
0x000007fefe570000 - 0x000007fefe773000 	C:\Windows\system32\ole32.dll
0x000007fefdc90000 - 0x000007fefdcaa000 	C:\Windows\system32\DEVOBJ.dll
0x0000000004210000 - 0x0000000004231000 	C:\Program Files\MATLAB\R2013a\bin\win64\libmwmfl_scalar.dll
0x000007feec630000 - 0x000007feec755000 	C:\Windows\system32\dbghelp.dll
0x0000000004240000 - 0x000000000456f000 	C:\Program Files\MATLAB\R2013a\bin\win64\libmwservices.dll
0x0000000075a20000 - 0x0000000075b0b000 	C:\Program Files\MATLAB\R2013a\bin\win64\libmx.dll
0x000007fefa6c0000 - 0x000007fefa6e8000 	C:\Program Files\MATLAB\R2013a\bin\win64\tbbmalloc.dll
0x0000000067710000 - 0x0000000067727000 	C:\Program Files\MATLAB\R2013a\bin\win64\zlib1.dll
0x0000000004570000 - 0x00000000045be000 	C:\Program Files\MATLAB\R2013a\bin\win64\libmwregexp.dll
0x0000000075f10000 - 0x0000000075f57000 	C:\Program Files\MATLAB\R2013a\bin\win64\mpath.dll
0x000000007b680000 - 0x000000007bc66000 	C:\Program Files\MATLAB\R2013a\bin\win64\mlutil.dll
0x00000000754d0000 - 0x0000000075547000 	C:\Program Files\MATLAB\R2013a\bin\win64\xmlcore.dll
0x0000000064350000 - 0x0000000064591000 	C:\Program Files\MATLAB\R2013a\bin\win64\xerces-c_2_7.dll
0x00000000045c0000 - 0x00000000045e2000 	C:\Program Files\MATLAB\R2013a\bin\win64\libmwMATLAB_settings_res.dll
0x000007fefa910000 - 0x000007fefa920000 	C:\Program Files\MATLAB\R2013a\bin\win64\boost_iostreams-vc100-mt-1_49.dll
0x000007fefa670000 - 0x000007fefa6b6000 	C:\Program Files\MATLAB\R2013a\bin\win64\boost_serialization-vc100-mt-1_49.dll
0x000007fefebc0000 - 0x000007feff948000 	C:\Windows\system32\SHELL32.dll
0x000007fefe050000 - 0x000007fefe0c1000 	C:\Windows\system32\SHLWAPI.dll
0x00000000045f0000 - 0x00000000045f6000 	C:\Program Files\MATLAB\R2013a\bin\win64\libmwnativedisplay.dll
0x000007feed5e0000 - 0x000007feed680000 	C:\Windows\WinSxS\amd64_microsoft.windows.common-controls_6595b64144ccf1df_5.82.7601.17514_none_a4d6a923711520a9\COMCTL32.dll
0x000007fefeaa0000 - 0x000007fefeb37000 	C:\Windows\system32\COMDLG32.dll
0x000007fefbc90000 - 0x000007fefbca6000 	C:\Windows\system32\NETAPI32.dll
0x000007fefbc80000 - 0x000007fefbc8c000 	C:\Windows\system32\netutils.dll
0x000007fefd810000 - 0x000007fefd833000 	C:\Windows\system32\srvcli.dll
0x000007fefbc60000 - 0x000007fefbc75000 	C:\Windows\system32\wkscli.dll
0x0000000074970000 - 0x0000000074a18000 	C:\Program Files\MATLAB\R2013a\bin\win64\mcr.dll
0x0000000075000000 - 0x00000000753b1000 	C:\Program Files\MATLAB\R2013a\bin\win64\iqm.dll
0x0000000074e80000 - 0x0000000074f30000 	C:\Program Files\MATLAB\R2013a\bin\win64\m_dispatcher.dll
0x0000000004600000 - 0x0000000004e08000 	C:\Program Files\MATLAB\R2013a\bin\win64\m_interpreter.dll
0x0000000004e10000 - 0x0000000004e34000 	C:\Program Files\MATLAB\R2013a\bin\win64\libmex.dll
0x0000000075430000 - 0x00000000754ab000 	C:\Program Files\MATLAB\R2013a\bin\win64\profiler.dll
0x0000000004e40000 - 0x00000000050c3000 	C:\Program Files\MATLAB\R2013a\bin\win64\libmwmathutil.dll
0x0000000079f40000 - 0x0000000079f66000 	C:\Program Files\MATLAB\R2013a\bin\win64\libmwmathrng.dll
0x00000000050d0000 - 0x00000000050e0000 	C:\Program Files\MATLAB\R2013a\bin\win64\libmwmfl_rng.dll
0x0000000074c10000 - 0x0000000074cf8000 	C:\Program Files\MATLAB\R2013a\bin\win64\libmwmathcore.dll
0x0000000076160000 - 0x00000000761c3000 	C:\Program Files\MATLAB\R2013a\bin\win64\libmwspmatrix.dll
0x000000007b0a0000 - 0x000000007b2f6000 	C:\Program Files\MATLAB\R2013a\bin\win64\mcos.dll
0x0000000075ea0000 - 0x0000000075f02000 	C:\Program Files\MATLAB\R2013a\bin\win64\libmwcholmod.dll
0x00000000050f0000 - 0x00000000050fd000 	C:\Program Files\MATLAB\R2013a\bin\win64\libmwamd.dll
0x0000000073900000 - 0x00000000739a3000 	C:\Windows\WinSxS\amd64_microsoft.vc90.crt_1fc8b3b9a1e18e3b_9.0.30729.6161_none_08e61857a83bc251\MSVCR90.dll
0x0000000005110000 - 0x000000000511c000 	C:\Program Files\MATLAB\R2013a\bin\win64\libmwcolamd.dll
0x000000007a290000 - 0x000000007a2a3000 	C:\Program Files\MATLAB\R2013a\bin\win64\libmwblas.dll
0x000000007a310000 - 0x000000007a325000 	C:\Program Files\MATLAB\R2013a\bin\win64\libmwbinder.dll
0x0000000005130000 - 0x000000000513b000 	C:\Program Files\MATLAB\R2013a\bin\win64\libmwompwrapper.dll
0x0000000075820000 - 0x000000007589e000 	C:\Program Files\MATLAB\R2013a\bin\win64\libmwlapack.dll
0x000000007a1b0000 - 0x000000007a1d0000 	C:\Program Files\MATLAB\R2013a\bin\win64\m_pcodeio.dll
0x0000000079b10000 - 0x0000000079b6c000 	C:\Program Files\MATLAB\R2013a\bin\win64\m_ir.dll
0x0000000078ed0000 - 0x0000000079579000 	C:\Program Files\MATLAB\R2013a\bin\win64\m_parser.dll
0x000000007a2f0000 - 0x000000007a307000 	C:\Program Files\MATLAB\R2013a\bin\win64\ir_xfmr.dll
0x0000000005140000 - 0x0000000005150000 	C:\Program Files\MATLAB\R2013a\bin\win64\mtok.dll
0x000000007a130000 - 0x000000007a158000 	C:\Program Files\MATLAB\R2013a\bin\win64\m_pcodegen.dll
0x0000000079fb0000 - 0x0000000079fdf000 	C:\Program Files\MATLAB\R2013a\bin\win64\libmwbridge.dll
0x0000000074f40000 - 0x0000000074ff6000 	C:\Program Files\MATLAB\R2013a\bin\win64\udd.dll
0x0000000073cc0000 - 0x0000000073e0e000 	C:\Program Files\MATLAB\R2013a\bin\win64\libmwgui.dll
0x000000007a1d0000 - 0x000000007a1f4000 	C:\Program Files\MATLAB\R2013a\bin\win64\graphics_util.dll
0x000007feed460000 - 0x000007feed518000 	C:\Program Files\MATLAB\R2013a\bin\win64\libtex_base.dll
0x0000000005150000 - 0x0000000005a93000 	C:\Program Files\MATLAB\R2013a\bin\win64\hg.dll
0x0000000076100000 - 0x000000007615a000 	C:\Program Files\MATLAB\R2013a\bin\win64\libmat.dll
0x0000000072d30000 - 0x0000000072f38000 	C:\Program Files\MATLAB\R2013a\bin\win64\hdf5dll.dll
0x0000000075710000 - 0x00000000757d8000 	C:\Program Files\MATLAB\R2013a\bin\win64\jmi.dll
0x0000000005ab0000 - 0x0000000005abe000 	C:\Program Files\MATLAB\R2013a\bin\win64\nativejava_services.dll
0x0000000005ac0000 - 0x0000000005b00000 	C:\Program Files\MATLAB\R2013a\bin\win64\libmwhardcopy.dll
0x0000000075c70000 - 0x0000000075cce000 	C:\Program Files\MATLAB\R2013a\bin\win64\libuij.dll
0x0000000072f50000 - 0x000000007318f000 	C:\Program Files\MATLAB\R2013a\bin\win64\hgdatatypes.dll
0x0000000005b00000 - 0x0000000005beb000 	C:\Program Files\MATLAB\R2013a\bin\win64\hgutils.dll
0x0000000005bf0000 - 0x0000000005c9e000 	C:\Program Files\MATLAB\R2013a\bin\win64\udd_mi.dll
0x0000000005ca0000 - 0x0000000005cd6000 	C:\Program Files\MATLAB\R2013a\bin\win64\libmwgbtutils.dll
0x0000000005ce0000 - 0x0000000005cf4000 	C:\Program Files\MATLAB\R2013a\bin\win64\libmwgbt.dll
0x0000000005d00000 - 0x0000000005fce000 	C:\Program Files\MATLAB\R2013a\bin\win64\uiw.dll
0x0000000005fd0000 - 0x0000000005fd9000 	C:\Program Files\MATLAB\R2013a\bin\win64\uinone.dll
0x0000000005fe0000 - 0x0000000006006000 	C:\Program Files\MATLAB\R2013a\bin\win64\libmwnativefiledialogs.dll
0x0000000006010000 - 0x000000000601c000 	C:\Program Files\MATLAB\R2013a\bin\win64\libmwplatform_res.dll
0x000007fef8f90000 - 0x000007fef8fa8000 	C:\Windows\system32\MPR.dll
0x0000000063df0000 - 0x000000006434d000 	C:\Program Files\MATLAB\R2013a\bin\win64\mfc100.dll
0x000007fefb9c0000 - 0x000007fefb9c7000 	C:\Windows\system32\MSIMG32.dll
0x000007fef91a0000 - 0x000007fef9211000 	C:\Windows\system32\WINSPOOL.DRV
0x0000000006020000 - 0x000000000603d000 	C:\Program Files\MATLAB\R2013a\bin\win64\mwoles05.DLL
0x0000000006040000 - 0x00000000060ac000 	C:\Program Files\MATLAB\R2013a\bin\win64\comcli.dll
0x00000000676e0000 - 0x000000006770b000 	C:\Program Files\MATLAB\R2013a\bin\win64\ATL100.DLL
0x00000000060b0000 - 0x00000000060bc000 	C:\Program Files\MATLAB\R2013a\bin\win64\mlautoregister.dll
0x00000000060c0000 - 0x0000000006216000 	C:\Program Files\MATLAB\R2013a\bin\win64\mvm.dll
0x000007feff960000 - 0x000007feff98e000 	C:\Windows\system32\IMM32.DLL
0x000007fefe860000 - 0x000007fefe969000 	C:\Windows\system32\MSCTF.dll
0x000007fefc5f0000 - 0x000007fefc646000 	C:\Windows\system32\UxTheme.dll
0x000007fefbf40000 - 0x000007fefbf58000 	C:\Windows\system32\dwmapi.dll
0x00000000725c0000 - 0x00000000725c9000 	C:\Program Files\MATLAB\R2013a\bin\win64\MFC100CHS.DLL
0x00000000063b0000 - 0x00000000063fe000 	C:\Program Files\MATLAB\R2013a\bin\win64\MVMLocal.dll
0x0000000078870000 - 0x0000000078ecd000 	C:\Program Files\MATLAB\R2013a\sys\java\jre\win64\jre\bin\server\jvm.dll

VM Arguments:
jvm_args: -XX:PermSize=32m -Xms64m -XX:NewRatio=3 -XX:MaxPermSize=128m -Xmx196m -XX:MaxDirectMemorySize=2147400000 -Dsun.java2d.noddraw=true -Dsun.awt.nopixfmt=true -Xshare:off -Xrs -Dsun.awt.disableMixing=true -Djava.library.path=C:\Program Files\MATLAB\R2013a\bin\win64;C:\Program Files\MATLAB\R2013a\sys\jxbrowser\win64\lib vfprintf abort -Duser.language=en -Duser.country=US 
java_command: <unknown>
Launcher Type: generic

Environment Variables:
PATH=C:\Windows\system32;C:\Windows;C:\Windows\System32\Wbem;C:\Windows\System32\WindowsPowerShell\v1.0\;c:\Program Files (x86)\ATI Technologies\ATI.ACE\Core-Static;C:\Program Files (x86)\Intel\Services\IPT\;C:\Program Files (x86)\Microsoft SQL Server\90\Tools\binn\;C:\Program Files (x86)\CMake 2.8;C:\Program Files (x86)\HDF_Group\HDF5;C:\Program Files (x86)\IBM\ILOG\CPLEX_Studio_Preview125\opl\bin\x86_win32;C:\Program Files (x86)\IBM\ILOG\CPLEX_Studio_Preview125\opl\oplide\;C:\Program Files (x86)\IBM\ILOG\CPLEX_Studio_Preview125\cplex\bin\x86_win32;C:\Program Files (x86)\IBM\ILOG\CPLEX_Studio_Preview125\cpoptimizer\bin\x86_win32;C:\Program Files (x86)\HDF Group\H4TOH5\2.2.1\bin;C:\Program Files (x86)\HDF_Group\HDF5\1.8.11;C:\Program Files (x86)\CMake 2.8\bin;C:\Program Files (x86)\HDF Group\HDF5\1.8.9\bin;C:\Program Files (x86)\Common Files\Acronis\SnapAPI\;C:\CTEX\UserData\miktex\bin;C:\CTEX\MiKTeX\miktex\bin;C:\CTEX\CTeX\ctex\bin;C:\CTEX\CTeX\cct\bin;C:\CTEX\CTeX\ty\bin;C:\CTEX\Ghostscript\gs9.05\bin;C:\CTEX\GSview\gsview;C:\CTEX\WinEdt;C:\Program Files\MATLAB\R2013a\runtime\win64;C:\Program Files\MATLAB\R2013a\bin;C:\Program Files\MATLAB\R2010b\runtime\win64;C:\Program Files\MATLAB\R2010b\bin;C:\Program Files (x86)\OpenCV\bin;C:\Program Files\Microsoft\Web Platform Installer\;C:\Program Files (x86)\Microsoft ASP.NET\ASP.NET Web Pages\v1.0\;C:\Program Files (x86)\Windows Kits\8.0\Windows Performance Toolkit\;C:\Program Files\Microsoft SQL Server\110\Tools\Binn\;C:\Program Files (x86)\Windows7Master;D:\software\opencv2.4.3\opencv\build\x64\vc10\bin;D:\software\opencv2.4.3\opencv\build\x86\vc10\bin;D:\software\opencv2.2\bin;D:\Libs\opencv-2.4.8\build\x64\vc11\bin;
USERNAME=dongjingshan
OS=Windows_NT
PROCESSOR_IDENTIFIER=Intel64 Family 6 Model 42 Stepping 7, GenuineIntel



---------------  S Y S T E M  ---------------

OS: Windows 7 Build 7601 Service Pack 1

CPU:total 4 (8 cores per cpu, 2 threads per core) family 6 model 42 stepping 7, cmov, cx8, fxsr, mmx, sse, sse2, sse3, ssse3, sse4.1, sse4.2, ht

Memory: 4k page, physical 16733200k(10632052k free), swap 33464548k(27080108k free)

vm_info: Java HotSpot(TM) 64-Bit Server VM (14.3-b01) for windows-amd64 JRE (1.6.0_17-b04), built on Oct 11 2009 00:46:08 by "java_re" with MS VC++ 8.0

time: Mon Dec 29 18:03:11 2014
elapsed time: 24689 seconds

